<?xml version="1.0" encoding="UTF-8"?>
<robot generator="Robot 4.1.3 (Python 3.6.0 on win32)" generated="20220117 15:23:51.449" rpa="false" schemaversion="2">
<suite id="s1" name="TC4 delete todo item" source="C:\Users\ThulaniGawie\PycharmProjects\QE_todolist_automation\test_cases\TC4_delete_todo_item.robot">
<test id="s1-t1" name="Reload browser">
<kw name="Open Browser" library="SeleniumLibrary">
<arg>${AUTOMATION URL}</arg>
<arg>chrome</arg>
<doc>Opens a new browser instance to the optional ``url``.</doc>
<msg timestamp="20220117 15:23:51.749" level="INFO">Opening browser 'chrome' to base url 'http://localhost/todo'.</msg>
<status status="PASS" starttime="20220117 15:23:51.748" endtime="20220117 15:23:53.462"/>
</kw>
<kw name="Confirm Page Title">
<kw name="Title Should Be" library="SeleniumLibrary">
<arg>QE tdolist</arg>
<doc>Verifies that the current page title equals ``title``.</doc>
<msg timestamp="20220117 15:23:53.473" level="INFO">Page title is 'QE tdolist'.</msg>
<status status="PASS" starttime="20220117 15:23:53.465" endtime="20220117 15:23:53.473"/>
</kw>
<status status="PASS" starttime="20220117 15:23:53.464" endtime="20220117 15:23:53.474"/>
</kw>
<kw name="Maximize Browser Window" library="SeleniumLibrary">
<doc>Maximizes current browser window.</doc>
<status status="PASS" starttime="20220117 15:23:53.475" endtime="20220117 15:23:53.598"/>
</kw>
<kw name="Click Link" library="SeleniumLibrary">
<arg>link:✘</arg>
<doc>Clicks a link identified by ``locator``.</doc>
<msg timestamp="20220117 15:23:53.600" level="INFO">Clicking link 'link:✘'.</msg>
<status status="PASS" starttime="20220117 15:23:53.599" endtime="20220117 15:23:53.748"/>
</kw>
<kw name="Click Link" library="SeleniumLibrary">
<arg>link:✘</arg>
<doc>Clicks a link identified by ``locator``.</doc>
<msg timestamp="20220117 15:23:53.750" level="INFO">Clicking link 'link:✘'.</msg>
<status status="PASS" starttime="20220117 15:23:53.749" endtime="20220117 15:23:53.883"/>
</kw>
<kw name="Capture Page Screenshot" library="SeleniumLibrary">
<arg>deleted_items.png</arg>
<doc>Takes a screenshot of the current page and embeds it into a log file.</doc>
<msg timestamp="20220117 15:23:54.090" level="INFO" html="true">&lt;/td&gt;&lt;/tr&gt;&lt;tr&gt;&lt;td colspan="3"&gt;&lt;a href="deleted_items.png"&gt;&lt;img src="deleted_items.png" width="800px"&gt;&lt;/a&gt;</msg>
<status status="PASS" starttime="20220117 15:23:53.884" endtime="20220117 15:23:54.090"/>
</kw>
<kw name="Close Browser" library="SeleniumLibrary" type="TEARDOWN">
<doc>Closes the current browser.</doc>
<status status="PASS" starttime="20220117 15:23:54.091" endtime="20220117 15:23:56.323"/>
</kw>
<status status="PASS" starttime="20220117 15:23:51.747" endtime="20220117 15:23:56.323"/>
</test>
<status status="PASS" starttime="20220117 15:23:51.452" endtime="20220117 15:23:56.325"/>
</suite>
<statistics>
<total>
<stat pass="1" fail="0" skip="0">All Tests</stat>
</total>
<tag>
</tag>
<suite>
<stat pass="1" fail="0" skip="0" id="s1" name="TC4 delete todo item">TC4 delete todo item</stat>
</suite>
</statistics>
<errors>
</errors>
</robot>
